2025-01-19 22:40:53 [ERROR] Original voting result message not found.
2025-01-19 22:51:24 [ERROR] Error handling interaction: TypeError: Cannot read properties of undefined (reading 'EPHEMERAL')
2025-01-19 23:00:20 [ERROR] Error removing PUPS role: channel is not defined handlers\voting\pupsVoteHandler.js:1205
2025-01-22 20:41:31 [ERROR] Error handling interaction: TypeError: Cannot read properties of undefined (reading 'EPHEMERAL')
2025-01-22 21:14:06 [ERROR] Error adding PUPS role: channel is not defined handlers\voting\pupsVoteHandler.js:1121
2025-01-22 21:25:21 [ERROR] Error handling interaction: TypeError: Cannot read properties of undefined (reading 'EPHEMERAL')
2025-01-22 21:34:08 [ERROR] Error handling /pups list command: pupsRole.members.fetch is not a function handlers\voting\pupsVoteHandler.js:885
2025-01-22 21:34:47 [ERROR] Error handling pagination: pupsRole.members.fetch is not a function handlers\voting\pupsVoteHandler.js:975
2025-01-22 21:42:51 [ERROR] Error handling end_vote interaction: DiscordAPIError[50035]: Invalid Form Body
components[0].components[BASE_TYPE_BAD_LENGTH]: Must be between 1 and 5 in length.
2025-01-23 18:20:16 [ERROR] Error handling interaction: TypeError: Cannot read properties of undefined (reading 'EPHEMERAL')
2025-01-26 20:17:55 [ERROR] Error handling interaction: DiscordAPIError[10062]: Unknown interaction
2025-01-27 16:23:18 [ERROR] Error fetching polls: Unknown column 'status' in 'field list' node_modules\mysql2\lib\promise\pool.js:54
2025-01-27 19:17:42 [ERROR] Error fetching polls: Unknown column 'status' in 'field list' node_modules\mysql2\lib\promise\pool.js:54
2025-01-27 20:52:31 [ERROR] Poll owner with ID undefined not found.
2025-01-27 20:52:31 [ERROR] Error handling view votes for PUPS: Bind parameters must not contain undefined. To pass SQL NULL specify JS null node_modules\mysql2\lib\promise\pool.js:54
2025-01-27 20:52:31 [ERROR] Error handling interaction: Error [InteractionNotReplied]: The reply to this interaction has not been sent or deferred.
2025-01-27 21:00:52 [ERROR] Error handling view votes for PUPS: The reply to this interaction has not been sent or deferred. node_modules\discord.js\src\structures\interfaces\InteractionResponses.js:247
2025-01-27 21:00:52 [ERROR] Error handling interaction: Error [InteractionNotReplied]: The reply to this interaction has not been sent or deferred.
2025-01-27 21:27:20 [ERROR] Error handling next button: Cannot read properties of undefined (reading 'getUser') handlers\voting\voteviewHandler.js:123
2025-01-28 11:32:47 [ERROR] Error fetching polls: connect ETIMEDOUT node_modules\mysql2\lib\promise\pool.js:54
2025-01-28 11:33:35 [ERROR] Error handling next button: Cannot read properties of undefined (reading 'getUser') handlers\voting\voteviewHandler.js:134
2025-01-28 11:36:20 [ERROR] Error handling next button: createNavigationButtonsFromCustomId is not defined handlers\voting\voteviewHandler.js:262
2025-01-28 12:10:56 [ERROR] Error handling view votes button: connect ETIMEDOUT node_modules\mysql2\lib\promise\pool.js:54
2025-01-28 12:10:57 [ERROR] Error handling interaction: DiscordAPIError[10062]: Unknown interaction
2025-01-28 12:12:38 [ERROR] Error fetching polls: Invalid Form Body
embeds[0].description[BASE_TYPE_REQUIRED]: This field is required 
2025-01-28 12:47:40 [ERROR] Error handling interaction: TypeError: pugsVoteHandler.handleAdd is not a function
2025-01-28 12:50:15 [ERROR] Error handling interaction: TypeError: Cannot read properties of undefined (reading 'split')
2025-01-28 13:08:25 [ERROR] Error handling interaction: ReferenceError: MessageFlags is not defined
2025-01-28 13:08:28 [ERROR] Error handling interaction: ReferenceError: MessageFlags is not defined
2025-01-29 12:50:43 [ERROR] Error handling interaction: ReferenceError: InteractionResponseFlags is not defined
2025-01-29 12:51:05 [ERROR] Error handling interaction: TypeError: Cannot read properties of undefined (reading 'Ephemeral')
2025-01-29 13:40:40 [ERROR] Error handling view votes for PUGS: MessageFlags is not defined handlers\voting\voteviewHandler.js:510
2025-01-29 13:40:40 [ERROR] Error handling interaction: Error [InteractionNotReplied]: The reply to this interaction has not been sent or deferred.
2025-01-29 13:40:46 [ERROR] Error handling view votes for PUGS: MessageFlags is not defined handlers\voting\voteviewHandler.js:510
2025-01-29 13:40:46 [ERROR] Error handling interaction: Error [InteractionNotReplied]: The reply to this interaction has not been sent or deferred.
2025-01-29 16:07:51 [ERROR] Error handling interaction: DiscordAPIError[10062]: Unknown interaction
2025-01-29 16:08:11 [ERROR] Error handling view votes for PUGS: Bind parameters must not contain undefined. To pass SQL NULL specify JS null node_modules\mysql2\lib\promise\pool.js:54
